
Showing logs for build [32mcb-kubecd-bdd-gh-1568808964-pr-1[0m stage [32mmeta-pipeline[0m and container [32mstep-credential-initializer-6sf94[0m
{"level":"warn","ts":1568809680.5855112,"logger":"fallback-logger","caller":"logging/config.go:69","msg":"Fetch GitHub commit ID from kodata failed: \"ref: refs/heads/master\" is not a valid GitHub commit ID"}
{"level":"info","ts":1568809680.5860662,"logger":"fallback-logger","caller":"creds-init/main.go:40","msg":"Credentials initialized."}

Showing logs for build [32mcb-kubecd-bdd-gh-1568808964-pr-1[0m stage [32mmeta-pipeline[0m and container [32mstep-working-dir-initializer-p8mkx[0m
{"level":"warn","ts":1568809681.5953894,"logger":"fallback-logger","caller":"logging/config.go:69","msg":"Fetch GitHub commit ID from kodata failed: open /var/run/ko/HEAD: no such file or directory"}
{"level":"info","ts":1568809681.5986624,"logger":"fallback-logger","caller":"bash/main.go:65","msg":"Successfully executed command \"mkdir -p /workspace/source\""}

Showing logs for build [32mcb-kubecd-bdd-gh-1568808964-pr-1[0m stage [32mmeta-pipeline[0m and container [32mstep-place-tools[0m

Showing logs for build [32mcb-kubecd-bdd-gh-1568808964-pr-1[0m stage [32mmeta-pipeline[0m and container [32mstep-git-source-meta-cb-kubecd-bdd-gh-156880896-kqmpx[0m
{"level":"warn","ts":1568809687.6924243,"logger":"fallback-logger","caller":"logging/config.go:69","msg":"Fetch GitHub commit ID from kodata failed: \"ref: refs/heads/master\" is not a valid GitHub commit ID"}
{"level":"info","ts":1568809688.7641556,"logger":"fallback-logger","caller":"git/git.go:102","msg":"Successfully cloned https://github.com/cb-kubecd/bdd-gh-1568808964.git @ 0dd7f7dbfdf307ef57051e6cc80ecf54feaa7870 in path /workspace/source"}

Showing logs for build [32mcb-kubecd-bdd-gh-1568808964-pr-1[0m stage [32mmeta-pipeline[0m and container [32mstep-git-merge[0m
Using SHAs from PULL_REFS=master:0dd7f7dbfdf307ef57051e6cc80ecf54feaa7870,1:c2a197833fbc50e2d864328c81b8ea3e679ec368
DEBUG: ran git fetch --unshallow origin c2a197833fbc50e2d864328c81b8ea3e679ec368: 0dd7f7dbfdf307ef57051e6cc80ecf54feaa7870: in 
DEBUG: ran git checkout master in 
DEBUG: ran git reset --hard 0dd7f7dbfdf307ef57051e6cc80ecf54feaa7870 in 
DEBUG: ran clean --force -d . in 
DEBUG: ran git merge c2a197833fbc50e2d864328c81b8ea3e679ec368 in 
Merged SHA c2a197833fbc50e2d864328c81b8ea3e679ec368 with commit message 'My first PR commit' into base branch master

Showing logs for build [32mcb-kubecd-bdd-gh-1568808964-pr-1[0m stage [32mmeta-pipeline[0m and container [32mstep-merge-pull-refs[0m
DEBUG: ran git fetch origin c2a197833fbc50e2d864328c81b8ea3e679ec368: 0dd7f7dbfdf307ef57051e6cc80ecf54feaa7870: in 
DEBUG: Unshallowed git repo in 
DEBUG: ran git checkout master in 
DEBUG: ran git reset --hard 0dd7f7dbfdf307ef57051e6cc80ecf54feaa7870 in 
DEBUG: ran clean --force -d . in 
DEBUG: ran git merge c2a197833fbc50e2d864328c81b8ea3e679ec368 in 
Merged SHA c2a197833fbc50e2d864328c81b8ea3e679ec368 with commit message 'My first PR commit' into base branch master

Showing logs for build [32mcb-kubecd-bdd-gh-1568808964-pr-1[0m stage [32mmeta-pipeline[0m and container [32mstep-create-effective-pipeline[0m
Deleting and cloning the Jenkins X versions repo
Cloning the Jenkins X versions repo https://github.com/jenkins-x/jenkins-x-versions.git with ref refs/heads/master to /builder/home/.**/jenkins-x-versions
Effective pipeline written to jenkins-x-serverless-jenkins-effective.yml

Showing logs for build [32mcb-kubecd-bdd-gh-1568808964-pr-1[0m stage [32mmeta-pipeline[0m and container [32mstep-create-tekton-crds[0m
PipelineActivity for cb-kubecd-bdd-gh-1568808964-PR-1-1
Applying changes 
upserted PipelineResource cb-kubecd-bdd-gh-1568808964-pr for the git repository https://github.com/cb-kubecd/bdd-gh-1568808964.git
upserted Task cb-kubecd-bdd-gh-1568808964-pr-from-build-pack-1
upserted Pipeline cb-kubecd-bdd-gh-1568808964-pr-1
created PipelineRun cb-kubecd-bdd-gh-1568808964-pr-1
created PipelineStructure cb-kubecd-bdd-gh-1568808964-pr-1

Showing logs for build [32mcb-kubecd-bdd-gh-1568808964-pr-1[0m stage [32mfrom-build-pack[0m and container [32mstep-credential-initializer-brrkv[0m
{"level":"warn","ts":1568809700.873623,"logger":"fallback-logger","caller":"logging/config.go:69","msg":"Fetch GitHub commit ID from kodata failed: \"ref: refs/heads/master\" is not a valid GitHub commit ID"}
{"level":"info","ts":1568809700.8741333,"logger":"fallback-logger","caller":"creds-init/main.go:40","msg":"Credentials initialized."}

Showing logs for build [32mcb-kubecd-bdd-gh-1568808964-pr-1[0m stage [32mfrom-build-pack[0m and container [32mstep-working-dir-initializer-z7nrj[0m
{"level":"warn","ts":1568809701.3442605,"logger":"fallback-logger","caller":"logging/config.go:69","msg":"Fetch GitHub commit ID from kodata failed: open /var/run/ko/HEAD: no such file or directory"}
{"level":"info","ts":1568809701.345586,"logger":"fallback-logger","caller":"bash/main.go:65","msg":"Successfully executed command \"mkdir -p /workspace/source /workspace/source/charts/preview\""}

Showing logs for build [32mcb-kubecd-bdd-gh-1568808964-pr-1[0m stage [32mfrom-build-pack[0m and container [32mstep-place-tools[0m

Showing logs for build [32mcb-kubecd-bdd-gh-1568808964-pr-1[0m stage [32mfrom-build-pack[0m and container [32mstep-git-source-cb-kubecd-bdd-gh-1568808964-pr-6zq9l[0m
{"level":"warn","ts":1568809708.5502532,"logger":"fallback-logger","caller":"logging/config.go:69","msg":"Fetch GitHub commit ID from kodata failed: \"ref: refs/heads/master\" is not a valid GitHub commit ID"}
{"level":"info","ts":1568809709.6216762,"logger":"fallback-logger","caller":"git/git.go:102","msg":"Successfully cloned https://github.com/cb-kubecd/bdd-gh-1568808964.git @ master in path /workspace/source"}

Showing logs for build [32mcb-kubecd-bdd-gh-1568808964-pr-1[0m stage [32mfrom-build-pack[0m and container [32mstep-git-merge[0m
Using SHAs from PULL_REFS=master:0dd7f7dbfdf307ef57051e6cc80ecf54feaa7870,1:c2a197833fbc50e2d864328c81b8ea3e679ec368
DEBUG: ran git fetch --unshallow origin c2a197833fbc50e2d864328c81b8ea3e679ec368: 0dd7f7dbfdf307ef57051e6cc80ecf54feaa7870: in 
DEBUG: ran git checkout master in 
DEBUG: ran git reset --hard 0dd7f7dbfdf307ef57051e6cc80ecf54feaa7870 in 
DEBUG: ran clean --force -d . in 
DEBUG: ran git merge c2a197833fbc50e2d864328c81b8ea3e679ec368 in 
Merged SHA c2a197833fbc50e2d864328c81b8ea3e679ec368 with commit message 'My first PR commit' into base branch master

Showing logs for build [32mcb-kubecd-bdd-gh-1568808964-pr-1[0m stage [32mfrom-build-pack[0m and container [32mstep-build-make-linux[0m
CGO_ENABLED=0 GOOS=linux GOARCH=amd64 GO15VENDOREXPERIMENT=1 go build -ldflags '' -o bin/bdd-gh-1568808964 main.go

Showing logs for build [32mcb-kubecd-bdd-gh-1568808964-pr-1[0m stage [32mfrom-build-pack[0m and container [32mstep-build-container-build[0m
[36mINFO[0m[0000] No base image, nothing to extract            
[36mINFO[0m[0000] cmd: EXPOSE                                  
[36mINFO[0m[0000] Adding exposed port: 8080/tcp                
[36mINFO[0m[0000] Using files from context: [/workspace/source/bin] 
[36mINFO[0m[0000] Skipping unpacking as no commands require it. 
[36mINFO[0m[0000] Taking snapshot of full filesystem...        
[36mINFO[0m[0000] EXPOSE 8080                                  
[36mINFO[0m[0000] cmd: EXPOSE                                  
[36mINFO[0m[0000] Adding exposed port: 8080/tcp                
[36mINFO[0m[0000] No files changed in this command, skipping snapshotting. 
[36mINFO[0m[0000] ENTRYPOINT ["/bdd-gh-1568808964"]            
[36mINFO[0m[0000] No files changed in this command, skipping snapshotting. 
[36mINFO[0m[0000] Using files from context: [/workspace/source/bin] 
[36mINFO[0m[0000] COPY ./bin/ /                                
[36mINFO[0m[0000] Taking snapshot of files...                  
2019/09/18 12:28:41 pushed blob: sha256:9a12ee6f881b6293bb39ec40ae654429ca3d2489d6db0829d4a7093b17de50dc
2019/09/18 12:28:41 pushed blob: sha256:f17c5bb7e450d3b6cc435bfb9290d85e899b785db1b207cbb9681347f5075cb2
2019/09/18 12:28:43 gcr.io/jenkins-x-bdd3/bdd-gh-1568808964:0.0.0-SNAPSHOT-PR-1-1: digest: sha256:25886973353234f70a668a36b3bb4a4c4bc13b58af008479bc33e81a1e1d14a0 size: 428

Showing logs for build [32mcb-kubecd-bdd-gh-1568808964-pr-1[0m stage [32mfrom-build-pack[0m and container [32mstep-postbuild-post-build[0m
no CVE provider running in the current ** namespace so skip adding image to be analysed

Showing logs for build [32mcb-kubecd-bdd-gh-1568808964-pr-1[0m stage [32mfrom-build-pack[0m and container [32mstep-promote-make-preview[0m
sed -i -e "s/version:.*/version: 0.0.0-SNAPSHOT-PR-1-1/" Chart.yaml
sed -i -e "s/version:.*/version: 0.0.0-SNAPSHOT-PR-1-1/" ../*/Chart.yaml
sed -i -e "s|repository:.*|repository: gcr.io\/jenkins-x-bdd3\/bdd-gh-1568808964|" values.yaml
sed -i -e "s/tag:.*/tag: 0.0.0-SNAPSHOT-PR-1-1/" values.yaml
echo "  version: 0.0.0-SNAPSHOT-PR-1-1" >> requirements.yaml
** step helm build
WARNING: No $CHART_REPOSITORY defined so using the default value of: http://jenkins-x-chartmuseum:8080
Adding missing Helm repo: storage.googleapis.com https://storage.googleapis.com/chartmuseum.jenkins-x.io
Successfully added Helm repository storage.googleapis.com.
Adding missing Helm repo: jenkins-x-chartmuseum http://jenkins-x-chartmuseum:8080
Successfully added Helm repository jenkins-x-chartmuseum.
WARNING: No $CHART_REPOSITORY defined so using the default value of: http://jenkins-x-chartmuseum:8080
Adding missing Helm repo: chartmuseum.jenkins-x.io http://chartmuseum.jenkins-x.io
Successfully added Helm repository chartmuseum.jenkins-x.io.

Showing logs for build [32mcb-kubecd-bdd-gh-1568808964-pr-1[0m stage [32mfrom-build-pack[0m and container [32mstep-promote-jx-preview[0m
Creating a preview
WARNING: No author for commit: c2a197833fbc50e2d864328c81b8ea3e679ec368
Created environment cb-kubecd-bdd-gh-1568808964-pr-1
Namespace **-cb-kubecd-bdd-gh-1568808964-pr-1 created 
expose:
  Annotations:
    helm.sh/hook: post-install,post-upgrade
    helm.sh/hook-delete-policy: hook-succeeded
  config:
    domain: 35.205.185.196.nip.io
    exposer: Ingress
    http: "true"
preview:
  image:
    repository: gcr.io/jenkins-x-bdd3/bdd-gh-1568808964
    tag: 0.0.0-SNAPSHOT-PR-1-1
Deleting and cloning the Jenkins X versions repo
Cloning the Jenkins X versions repo https://github.com/jenkins-x/jenkins-x-versions.git with ref refs/heads/master to /builder/home/.**/jenkins-x-versions


Updating PipelineActivities cb-kubecd-bdd-gh-1568808964-pr-1-1 which has status Running
WARNING: preview application http://bdd-gh-1568808964.**-cb-kubecd-bdd-gh-1568808964-pr-1.35.205.185.196.nip.io not available, error was 503 503 Service Temporarily Unavailable, delaying for: 1.252573036s
WARNING: preview application http://bdd-gh-1568808964.**-cb-kubecd-bdd-gh-1568808964-pr-1.35.205.185.196.nip.io not available, error was 503 503 Service Temporarily Unavailable, delaying for: 1.795078749s
Preview application is now available at: http://bdd-gh-1568808964.**-cb-kubecd-bdd-gh-1568808964-pr-1.35.205.185.196.nip.io
